{"/Users/myktybeksattarov/Desktop/CS/CRUDwithCash/src/articles/articles.entity.ts": {"path":"/Users/myktybeksattarov/Desktop/CS/CRUDwithCash/src/articles/articles.entity.ts","statementMap":{"0":{"start":{"line":1,"column":0},"end":{"line":1,"column":93}},"1":{"start":{"line":2,"column":0},"end":{"line":2,"column":43}},"2":{"start":{"line":5,"column":7},"end":{"line":23,"column":null}},"3":{"start":{"line":5,"column":13},"end":{"line":5,"column":20}},"4":{"start":{"line":7,"column":2},"end":{"line":7,"column":null}},"5":{"start":{"line":10,"column":2},"end":{"line":10,"column":null}},"6":{"start":{"line":13,"column":2},"end":{"line":13,"column":null}},"7":{"start":{"line":16,"column":2},"end":{"line":16,"column":null}},"8":{"start":{"line":19,"column":2},"end":{"line":19,"column":null}},"9":{"start":{"line":18,"column":19},"end":{"line":18,"column":23}},"10":{"start":{"line":18,"column":33},"end":{"line":18,"column":46}},"11":{"start":{"line":22,"column":2},"end":{"line":22,"column":null}},"12":{"start":{"line":5,"column":13},"end":{"line":23,"column":null}}},"fnMap":{"0":{"name":"(anonymous_2)","decl":{"start":{"line":18,"column":13},"end":{"line":18,"column":16}},"loc":{"start":{"line":18,"column":19},"end":{"line":18,"column":23}}},"1":{"name":"(anonymous_3)","decl":{"start":{"line":18,"column":25},"end":{"line":18,"column":29}},"loc":{"start":{"line":18,"column":33},"end":{"line":18,"column":46}}}},"branchMap":{},"s":{"0":1,"1":1,"2":1,"3":1,"4":1,"5":1,"6":1,"7":1,"8":1,"9":0,"10":0,"11":1,"12":1},"f":{"0":0,"1":0},"b":{}}
,"/Users/myktybeksattarov/Desktop/CS/CRUDwithCash/src/articles/articles.service.ts": {"path":"/Users/myktybeksattarov/Desktop/CS/CRUDwithCash/src/articles/articles.service.ts","statementMap":{"0":{"start":{"line":1,"column":0},"end":{"line":1,"column":82}},"1":{"start":{"line":2,"column":0},"end":{"line":2,"column":50}},"2":{"start":{"line":3,"column":0},"end":{"line":3,"column":36}},"3":{"start":{"line":4,"column":0},"end":{"line":4,"column":53}},"4":{"start":{"line":5,"column":0},"end":{"line":5,"column":43}},"5":{"start":{"line":6,"column":0},"end":{"line":6,"column":43}},"6":{"start":{"line":11,"column":7},"end":{"line":242,"column":null}},"7":{"start":{"line":14,"column":21},"end":{"line":14,"column":34}},"8":{"start":{"line":15,"column":21},"end":{"line":15,"column":35}},"9":{"start":{"line":19,"column":17},"end":{"line":21,"column":6}},"10":{"start":{"line":23,"column":4},"end":{"line":25,"column":5}},"11":{"start":{"line":24,"column":6},"end":{"line":24,"column":null}},"12":{"start":{"line":27,"column":20},"end":{"line":29,"column":null}},"13":{"start":{"line":31,"column":4},"end":{"line":31,"column":null}},"14":{"start":{"line":34,"column":16},"end":{"line":63,"column":null}},"15":{"start":{"line":35,"column":21},"end":{"line":35,"column":70}},"16":{"start":{"line":37,"column":19},"end":{"line":37,"column":56}},"17":{"start":{"line":38,"column":4},"end":{"line":40,"column":5}},"18":{"start":{"line":39,"column":6},"end":{"line":39,"column":null}},"19":{"start":{"line":42,"column":18},"end":{"line":45,"column":18}},"20":{"start":{"line":47,"column":4},"end":{"line":48,"column":null}},"21":{"start":{"line":48,"column":6},"end":{"line":48,"column":null}},"22":{"start":{"line":49,"column":4},"end":{"line":50,"column":null}},"23":{"start":{"line":50,"column":6},"end":{"line":50,"column":null}},"24":{"start":{"line":52,"column":27},"end":{"line":52,"column":56}},"25":{"start":{"line":53,"column":19},"end":{"line":53,"column":48}},"26":{"start":{"line":56,"column":4},"end":{"line":61,"column":5}},"27":{"start":{"line":57,"column":6},"end":{"line":57,"column":72}},"28":{"start":{"line":60,"column":6},"end":{"line":60,"column":null}},"29":{"start":{"line":62,"column":4},"end":{"line":62,"column":null}},"30":{"start":{"line":66,"column":21},"end":{"line":66,"column":48}},"31":{"start":{"line":68,"column":19},"end":{"line":68,"column":56}},"32":{"start":{"line":69,"column":4},"end":{"line":71,"column":5}},"33":{"start":{"line":70,"column":6},"end":{"line":70,"column":null}},"34":{"start":{"line":73,"column":20},"end":{"line":76,"column":6}},"35":{"start":{"line":78,"column":4},"end":{"line":86,"column":5}},"36":{"start":{"line":80,"column":6},"end":{"line":85,"column":7}},"37":{"start":{"line":81,"column":8},"end":{"line":81,"column":76}},"38":{"start":{"line":84,"column":8},"end":{"line":84,"column":null}},"39":{"start":{"line":88,"column":4},"end":{"line":88,"column":null}},"40":{"start":{"line":92,"column":20},"end":{"line":92,"column":92}},"41":{"start":{"line":93,"column":4},"end":{"line":94,"column":null}},"42":{"start":{"line":94,"column":6},"end":{"line":94,"column":null}},"43":{"start":{"line":95,"column":4},"end":{"line":96,"column":null}},"44":{"start":{"line":96,"column":6},"end":{"line":96,"column":null}},"45":{"start":{"line":98,"column":4},"end":{"line":98,"column":null}},"46":{"start":{"line":99,"column":20},"end":{"line":99,"column":56}},"47":{"start":{"line":101,"column":4},"end":{"line":101,"column":56}},"48":{"start":{"line":102,"column":4},"end":{"line":102,"column":null}},"49":{"start":{"line":106,"column":20},"end":{"line":106,"column":92}},"50":{"start":{"line":107,"column":4},"end":{"line":108,"column":null}},"51":{"start":{"line":108,"column":6},"end":{"line":108,"column":null}},"52":{"start":{"line":109,"column":4},"end":{"line":110,"column":null}},"53":{"start":{"line":110,"column":6},"end":{"line":110,"column":null}},"54":{"start":{"line":112,"column":4},"end":{"line":112,"column":null}},"55":{"start":{"line":113,"column":4},"end":{"line":113,"column":null}},"56":{"start":{"line":114,"column":4},"end":{"line":114,"column":null}},"57":{"start":{"line":118,"column":21},"end":{"line":118,"column":47}},"58":{"start":{"line":119,"column":27},"end":{"line":119,"column":59}},"59":{"start":{"line":120,"column":4},"end":{"line":120,"column":null}},"60":{"start":{"line":124,"column":4},"end":{"line":124,"column":null}},"61":{"start":{"line":128,"column":21},"end":{"line":128,"column":47}},"62":{"start":{"line":129,"column":27},"end":{"line":129,"column":59}},"63":{"start":{"line":130,"column":4},"end":{"line":130,"column":null}},"64":{"start":{"line":134,"column":4},"end":{"line":134,"column":null}},"65":{"start":{"line":138,"column":4},"end":{"line":144,"column":5}},"66":{"start":{"line":139,"column":23},"end":{"line":139,"column":57}},"67":{"start":{"line":140,"column":6},"end":{"line":140,"column":60}},"68":{"start":{"line":143,"column":6},"end":{"line":143,"column":null}},"69":{"start":{"line":148,"column":4},"end":{"line":154,"column":5}},"70":{"start":{"line":149,"column":23},"end":{"line":149,"column":57}},"71":{"start":{"line":150,"column":6},"end":{"line":150,"column":null}},"72":{"start":{"line":153,"column":6},"end":{"line":153,"column":null}},"73":{"start":{"line":158,"column":4},"end":{"line":198,"column":5}},"74":{"start":{"line":160,"column":25},"end":{"line":160,"column":59}},"75":{"start":{"line":161,"column":6},"end":{"line":161,"column":null}},"76":{"start":{"line":164,"column":22},"end":{"line":167,"column":8}},"77":{"start":{"line":169,"column":6},"end":{"line":171,"column":7}},"78":{"start":{"line":170,"column":8},"end":{"line":170,"column":14}},"79":{"start":{"line":174,"column":35},"end":{"line":181,"column":null}},"80":{"start":{"line":183,"column":26},"end":{"line":183,"column":27}},"81":{"start":{"line":184,"column":6},"end":{"line":191,"column":7}},"82":{"start":{"line":185,"column":21},"end":{"line":185,"column":58}},"83":{"start":{"line":187,"column":8},"end":{"line":190,"column":9}},"84":{"start":{"line":188,"column":10},"end":{"line":188,"column":null}},"85":{"start":{"line":189,"column":10},"end":{"line":189,"column":null}},"86":{"start":{"line":194,"column":6},"end":{"line":194,"column":null}},"87":{"start":{"line":197,"column":6},"end":{"line":197,"column":null}},"88":{"start":{"line":205,"column":4},"end":{"line":240,"column":5}},"89":{"start":{"line":207,"column":25},"end":{"line":207,"column":59}},"90":{"start":{"line":208,"column":6},"end":{"line":208,"column":null}},"91":{"start":{"line":211,"column":35},"end":{"line":218,"column":null}},"92":{"start":{"line":220,"column":26},"end":{"line":220,"column":27}},"93":{"start":{"line":221,"column":26},"end":{"line":221,"column":43}},"94":{"start":{"line":223,"column":6},"end":{"line":233,"column":7}},"95":{"start":{"line":224,"column":21},"end":{"line":224,"column":58}},"96":{"start":{"line":226,"column":8},"end":{"line":232,"column":9}},"97":{"start":{"line":227,"column":10},"end":{"line":231,"column":11}},"98":{"start":{"line":228,"column":12},"end":{"line":228,"column":null}},"99":{"start":{"line":229,"column":12},"end":{"line":229,"column":null}},"100":{"start":{"line":230,"column":12},"end":{"line":230,"column":null}},"101":{"start":{"line":236,"column":6},"end":{"line":236,"column":null}},"102":{"start":{"line":239,"column":6},"end":{"line":239,"column":null}},"103":{"start":{"line":11,"column":13},"end":{"line":11,"column":28}},"104":{"start":{"line":11,"column":13},"end":{"line":242,"column":null}}},"fnMap":{"0":{"name":"(anonymous_11)","decl":{"start":{"line":12,"column":2},"end":{"line":12,"column":null}},"loc":{"start":{"line":15,"column":47},"end":{"line":16,"column":6}}},"1":{"name":"(anonymous_12)","decl":{"start":{"line":18,"column":8},"end":{"line":18,"column":14}},"loc":{"start":{"line":18,"column":52},"end":{"line":32,"column":null}}},"2":{"name":"(anonymous_14)","decl":{"start":{"line":34,"column":8},"end":{"line":34,"column":15}},"loc":{"start":{"line":34,"column":15},"end":{"line":63,"column":null}}},"3":{"name":"(anonymous_15)","decl":{"start":{"line":34,"column":16},"end":{"line":34,"column":20}},"loc":{"start":{"line":34,"column":51},"end":{"line":63,"column":3}}},"4":{"name":"(anonymous_16)","decl":{"start":{"line":65,"column":8},"end":{"line":65,"column":15}},"loc":{"start":{"line":65,"column":26},"end":{"line":89,"column":null}}},"5":{"name":"(anonymous_18)","decl":{"start":{"line":91,"column":8},"end":{"line":91,"column":14}},"loc":{"start":{"line":91,"column":64},"end":{"line":103,"column":null}}},"6":{"name":"(anonymous_20)","decl":{"start":{"line":105,"column":8},"end":{"line":105,"column":14}},"loc":{"start":{"line":105,"column":41},"end":{"line":115,"column":null}}},"7":{"name":"(anonymous_22)","decl":{"start":{"line":117,"column":10},"end":{"line":117,"column":21}},"loc":{"start":{"line":117,"column":64},"end":{"line":121,"column":3}}},"8":{"name":"(anonymous_23)","decl":{"start":{"line":123,"column":10},"end":{"line":123,"column":28}},"loc":{"start":{"line":123,"column":46},"end":{"line":125,"column":3}}},"9":{"name":"(anonymous_24)","decl":{"start":{"line":127,"column":10},"end":{"line":127,"column":32}},"loc":{"start":{"line":127,"column":75},"end":{"line":131,"column":3}}},"10":{"name":"(anonymous_25)","decl":{"start":{"line":133,"column":10},"end":{"line":133,"column":28}},"loc":{"start":{"line":133,"column":46},"end":{"line":135,"column":3}}},"11":{"name":"(anonymous_26)","decl":{"start":{"line":137,"column":16},"end":{"line":137,"column":33}},"loc":{"start":{"line":137,"column":69},"end":{"line":145,"column":null}}},"12":{"name":"(anonymous_28)","decl":{"start":{"line":147,"column":16},"end":{"line":147,"column":38}},"loc":{"start":{"line":147,"column":56},"end":{"line":155,"column":null}}},"13":{"name":"(anonymous_30)","decl":{"start":{"line":157,"column":16},"end":{"line":157,"column":38}},"loc":{"start":{"line":157,"column":56},"end":{"line":199,"column":null}}},"14":{"name":"(anonymous_32)","decl":{"start":{"line":204,"column":16},"end":{"line":204,"column":43}},"loc":{"start":{"line":204,"column":75},"end":{"line":241,"column":null}}}},"branchMap":{"0":{"loc":{"start":{"line":23,"column":4},"end":{"line":25,"column":5}},"type":"if","locations":[{"start":{"line":23,"column":4},"end":{"line":25,"column":5}},{"start":{},"end":{}}]},"1":{"loc":{"start":{"line":34,"column":16},"end":{"line":34,"column":24}},"type":"default-arg","locations":[{"start":{"line":34,"column":23},"end":{"line":34,"column":24}}]},"2":{"loc":{"start":{"line":34,"column":26},"end":{"line":34,"column":36}},"type":"default-arg","locations":[{"start":{"line":34,"column":34},"end":{"line":34,"column":36}}]},"3":{"loc":{"start":{"line":38,"column":4},"end":{"line":40,"column":5}},"type":"if","locations":[{"start":{"line":38,"column":4},"end":{"line":40,"column":5}},{"start":{},"end":{}}]},"4":{"loc":{"start":{"line":47,"column":4},"end":{"line":48,"column":null}},"type":"if","locations":[{"start":{"line":47,"column":4},"end":{"line":48,"column":null}},{"start":{},"end":{}}]},"5":{"loc":{"start":{"line":47,"column":8},"end":{"line":47,"column":25}},"type":"cond-expr","locations":[{"start":{"line":47,"column":15},"end":{"line":47,"column":17}},{"start":{"line":47,"column":8},"end":{"line":47,"column":25}}]},"6":{"loc":{"start":{"line":47,"column":8},"end":{"line":47,"column":17}},"type":"binary-expr","locations":[{"start":{"line":47,"column":8},"end":{"line":47,"column":17}},{"start":{"line":47,"column":8},"end":{"line":47,"column":17}}]},"7":{"loc":{"start":{"line":49,"column":4},"end":{"line":50,"column":null}},"type":"if","locations":[{"start":{"line":49,"column":4},"end":{"line":50,"column":null}},{"start":{},"end":{}}]},"8":{"loc":{"start":{"line":49,"column":8},"end":{"line":49,"column":31}},"type":"cond-expr","locations":[{"start":{"line":49,"column":15},"end":{"line":49,"column":17}},{"start":{"line":49,"column":8},"end":{"line":49,"column":31}}]},"9":{"loc":{"start":{"line":49,"column":8},"end":{"line":49,"column":17}},"type":"binary-expr","locations":[{"start":{"line":49,"column":8},"end":{"line":49,"column":17}},{"start":{"line":49,"column":8},"end":{"line":49,"column":17}}]},"10":{"loc":{"start":{"line":69,"column":4},"end":{"line":71,"column":5}},"type":"if","locations":[{"start":{"line":69,"column":4},"end":{"line":71,"column":5}},{"start":{},"end":{}}]},"11":{"loc":{"start":{"line":78,"column":4},"end":{"line":86,"column":5}},"type":"if","locations":[{"start":{"line":78,"column":4},"end":{"line":86,"column":5}},{"start":{},"end":{}}]},"12":{"loc":{"start":{"line":93,"column":4},"end":{"line":94,"column":null}},"type":"if","locations":[{"start":{"line":93,"column":4},"end":{"line":94,"column":null}},{"start":{},"end":{}}]},"13":{"loc":{"start":{"line":95,"column":4},"end":{"line":96,"column":null}},"type":"if","locations":[{"start":{"line":95,"column":4},"end":{"line":96,"column":null}},{"start":{},"end":{}}]},"14":{"loc":{"start":{"line":107,"column":4},"end":{"line":108,"column":null}},"type":"if","locations":[{"start":{"line":107,"column":4},"end":{"line":108,"column":null}},{"start":{},"end":{}}]},"15":{"loc":{"start":{"line":109,"column":4},"end":{"line":110,"column":null}},"type":"if","locations":[{"start":{"line":109,"column":4},"end":{"line":110,"column":null}},{"start":{},"end":{}}]},"16":{"loc":{"start":{"line":118,"column":21},"end":{"line":118,"column":47}},"type":"binary-expr","locations":[{"start":{"line":118,"column":21},"end":{"line":118,"column":38}},{"start":{"line":118,"column":42},"end":{"line":118,"column":47}}]},"17":{"loc":{"start":{"line":118,"column":21},"end":{"line":118,"column":38}},"type":"cond-expr","locations":[{"start":{"line":118,"column":28},"end":{"line":118,"column":30}},{"start":{"line":118,"column":21},"end":{"line":118,"column":38}}]},"18":{"loc":{"start":{"line":118,"column":21},"end":{"line":118,"column":30}},"type":"binary-expr","locations":[{"start":{"line":118,"column":21},"end":{"line":118,"column":30}},{"start":{"line":118,"column":21},"end":{"line":118,"column":30}}]},"19":{"loc":{"start":{"line":119,"column":27},"end":{"line":119,"column":59}},"type":"binary-expr","locations":[{"start":{"line":119,"column":27},"end":{"line":119,"column":50}},{"start":{"line":119,"column":54},"end":{"line":119,"column":59}}]},"20":{"loc":{"start":{"line":119,"column":27},"end":{"line":119,"column":50}},"type":"cond-expr","locations":[{"start":{"line":119,"column":34},"end":{"line":119,"column":36}},{"start":{"line":119,"column":27},"end":{"line":119,"column":50}}]},"21":{"loc":{"start":{"line":119,"column":27},"end":{"line":119,"column":36}},"type":"binary-expr","locations":[{"start":{"line":119,"column":27},"end":{"line":119,"column":36}},{"start":{"line":119,"column":27},"end":{"line":119,"column":36}}]},"22":{"loc":{"start":{"line":128,"column":21},"end":{"line":128,"column":47}},"type":"binary-expr","locations":[{"start":{"line":128,"column":21},"end":{"line":128,"column":38}},{"start":{"line":128,"column":42},"end":{"line":128,"column":47}}]},"23":{"loc":{"start":{"line":128,"column":21},"end":{"line":128,"column":38}},"type":"cond-expr","locations":[{"start":{"line":128,"column":28},"end":{"line":128,"column":30}},{"start":{"line":128,"column":21},"end":{"line":128,"column":38}}]},"24":{"loc":{"start":{"line":128,"column":21},"end":{"line":128,"column":30}},"type":"binary-expr","locations":[{"start":{"line":128,"column":21},"end":{"line":128,"column":30}},{"start":{"line":128,"column":21},"end":{"line":128,"column":30}}]},"25":{"loc":{"start":{"line":129,"column":27},"end":{"line":129,"column":59}},"type":"binary-expr","locations":[{"start":{"line":129,"column":27},"end":{"line":129,"column":50}},{"start":{"line":129,"column":54},"end":{"line":129,"column":59}}]},"26":{"loc":{"start":{"line":129,"column":27},"end":{"line":129,"column":50}},"type":"cond-expr","locations":[{"start":{"line":129,"column":34},"end":{"line":129,"column":36}},{"start":{"line":129,"column":27},"end":{"line":129,"column":50}}]},"27":{"loc":{"start":{"line":129,"column":27},"end":{"line":129,"column":36}},"type":"binary-expr","locations":[{"start":{"line":129,"column":27},"end":{"line":129,"column":36}},{"start":{"line":129,"column":27},"end":{"line":129,"column":36}}]},"28":{"loc":{"start":{"line":169,"column":6},"end":{"line":171,"column":7}},"type":"if","locations":[{"start":{"line":169,"column":6},"end":{"line":171,"column":7}},{"start":{},"end":{}}]},"29":{"loc":{"start":{"line":227,"column":10},"end":{"line":231,"column":11}},"type":"if","locations":[{"start":{"line":227,"column":10},"end":{"line":231,"column":11}},{"start":{},"end":{}}]}},"s":{"0":1,"1":1,"2":1,"3":1,"4":1,"5":1,"6":1,"7":12,"8":12,"9":2,"10":2,"11":1,"12":1,"13":1,"14":2,"15":2,"16":2,"17":2,"18":1,"19":1,"20":1,"21":0,"22":1,"23":0,"24":1,"25":1,"26":1,"27":1,"28":0,"29":1,"30":2,"31":2,"32":2,"33":1,"34":1,"35":1,"36":1,"37":1,"38":0,"39":1,"40":3,"41":3,"42":1,"43":2,"44":1,"45":1,"46":1,"47":1,"48":1,"49":3,"50":3,"51":1,"52":2,"53":1,"54":1,"55":1,"56":1,"57":0,"58":0,"59":0,"60":2,"61":2,"62":2,"63":2,"64":0,"65":0,"66":0,"67":0,"68":0,"69":0,"70":0,"71":0,"72":0,"73":0,"74":0,"75":0,"76":0,"77":0,"78":0,"79":0,"80":0,"81":0,"82":0,"83":0,"84":0,"85":0,"86":0,"87":0,"88":0,"89":0,"90":0,"91":0,"92":0,"93":0,"94":0,"95":0,"96":0,"97":0,"98":0,"99":0,"100":0,"101":0,"102":0,"103":1,"104":1},"f":{"0":12,"1":2,"2":2,"3":2,"4":2,"5":3,"6":3,"7":0,"8":2,"9":2,"10":0,"11":0,"12":0,"13":0,"14":0},"b":{"0":[1,1],"1":[0],"2":[0],"3":[1,1],"4":[0,1],"5":[1,0],"6":[1,1],"7":[0,1],"8":[1,0],"9":[1,1],"10":[1,1],"11":[1,0],"12":[1,2],"13":[1,1],"14":[1,2],"15":[1,1],"16":[0,0],"17":[0,0],"18":[0,0],"19":[0,0],"20":[0,0],"21":[0,0],"22":[2,2],"23":[2,0],"24":[2,2],"25":[2,2],"26":[2,0],"27":[2,2],"28":[0,0],"29":[0,0]}}
,"/Users/myktybeksattarov/Desktop/CS/CRUDwithCash/src/redis/redis.service.ts": {"path":"/Users/myktybeksattarov/Desktop/CS/CRUDwithCash/src/redis/redis.service.ts","statementMap":{"0":{"start":{"line":1,"column":0},"end":{"line":1,"column":57}},"1":{"start":{"line":2,"column":0},"end":{"line":2,"column":27}},"2":{"start":{"line":5,"column":7},"end":{"line":51,"column":null}},"3":{"start":{"line":9,"column":4},"end":{"line":14,"column":null}},"4":{"start":{"line":16,"column":4},"end":{"line":18,"column":null}},"5":{"start":{"line":17,"column":6},"end":{"line":17,"column":null}},"6":{"start":{"line":20,"column":4},"end":{"line":22,"column":null}},"7":{"start":{"line":21,"column":6},"end":{"line":21,"column":null}},"8":{"start":{"line":26,"column":4},"end":{"line":26,"column":null}},"9":{"start":{"line":30,"column":4},"end":{"line":32,"column":5}},"10":{"start":{"line":31,"column":6},"end":{"line":31,"column":null}},"11":{"start":{"line":33,"column":4},"end":{"line":33,"column":null}},"12":{"start":{"line":37,"column":4},"end":{"line":37,"column":null}},"13":{"start":{"line":41,"column":4},"end":{"line":41,"column":null}},"14":{"start":{"line":45,"column":4},"end":{"line":45,"column":null}},"15":{"start":{"line":49,"column":4},"end":{"line":49,"column":null}},"16":{"start":{"line":5,"column":13},"end":{"line":5,"column":25}},"17":{"start":{"line":5,"column":13},"end":{"line":51,"column":null}}},"fnMap":{"0":{"name":"(anonymous_9)","decl":{"start":{"line":8,"column":8},"end":{"line":8,"column":20}},"loc":{"start":{"line":8,"column":20},"end":{"line":23,"column":null}}},"1":{"name":"(anonymous_11)","decl":{"start":{"line":16,"column":29},"end":{"line":16,"column":32}},"loc":{"start":{"line":16,"column":34},"end":{"line":18,"column":5}}},"2":{"name":"(anonymous_12)","decl":{"start":{"line":20,"column":27},"end":{"line":20,"column":28}},"loc":{"start":{"line":20,"column":35},"end":{"line":22,"column":5}}},"3":{"name":"(anonymous_13)","decl":{"start":{"line":25,"column":8},"end":{"line":25,"column":11}},"loc":{"start":{"line":25,"column":23},"end":{"line":27,"column":null}}},"4":{"name":"(anonymous_15)","decl":{"start":{"line":29,"column":8},"end":{"line":29,"column":11}},"loc":{"start":{"line":29,"column":59},"end":{"line":34,"column":null}}},"5":{"name":"(anonymous_17)","decl":{"start":{"line":36,"column":8},"end":{"line":36,"column":11}},"loc":{"start":{"line":36,"column":23},"end":{"line":38,"column":null}}},"6":{"name":"(anonymous_19)","decl":{"start":{"line":40,"column":8},"end":{"line":40,"column":12}},"loc":{"start":{"line":40,"column":28},"end":{"line":42,"column":null}}},"7":{"name":"(anonymous_21)","decl":{"start":{"line":44,"column":8},"end":{"line":44,"column":14}},"loc":{"start":{"line":44,"column":26},"end":{"line":46,"column":null}}},"8":{"name":"(anonymous_23)","decl":{"start":{"line":48,"column":8},"end":{"line":48,"column":16}},"loc":{"start":{"line":48,"column":16},"end":{"line":50,"column":null}}}},"branchMap":{"0":{"loc":{"start":{"line":30,"column":4},"end":{"line":32,"column":5}},"type":"if","locations":[{"start":{"line":30,"column":4},"end":{"line":32,"column":5}},{"start":{},"end":{}}]}},"s":{"0":1,"1":1,"2":1,"3":0,"4":0,"5":0,"6":0,"7":0,"8":0,"9":0,"10":0,"11":0,"12":0,"13":0,"14":0,"15":0,"16":1,"17":1},"f":{"0":0,"1":0,"2":0,"3":0,"4":0,"5":0,"6":0,"7":0,"8":0},"b":{"0":[0,0]}}
,"/Users/myktybeksattarov/Desktop/CS/CRUDwithCash/src/users/user.entity.ts": {"path":"/Users/myktybeksattarov/Desktop/CS/CRUDwithCash/src/users/user.entity.ts","statementMap":{"0":{"start":{"line":1,"column":0},"end":{"line":1,"column":32}},"1":{"start":{"line":3,"column":0},"end":{"line":3,"column":89}},"2":{"start":{"line":4,"column":0},"end":{"line":4,"column":53}},"3":{"start":{"line":7,"column":7},"end":{"line":24,"column":null}},"4":{"start":{"line":19,"column":4},"end":{"line":19,"column":null}},"5":{"start":{"line":7,"column":13},"end":{"line":7,"column":17}},"6":{"start":{"line":9,"column":2},"end":{"line":9,"column":null}},"7":{"start":{"line":12,"column":2},"end":{"line":12,"column":null}},"8":{"start":{"line":15,"column":2},"end":{"line":15,"column":null}},"9":{"start":{"line":18,"column":8},"end":{"line":20,"column":null}},"10":{"start":{"line":23,"column":2},"end":{"line":23,"column":null}},"11":{"start":{"line":22,"column":19},"end":{"line":22,"column":26}},"12":{"start":{"line":22,"column":39},"end":{"line":22,"column":53}},"13":{"start":{"line":7,"column":13},"end":{"line":24,"column":null}}},"fnMap":{"0":{"name":"(anonymous_18)","decl":{"start":{"line":18,"column":8},"end":{"line":18,"column":20}},"loc":{"start":{"line":18,"column":20},"end":{"line":20,"column":null}}},"1":{"name":"(anonymous_20)","decl":{"start":{"line":22,"column":13},"end":{"line":22,"column":16}},"loc":{"start":{"line":22,"column":19},"end":{"line":22,"column":26}}},"2":{"name":"(anonymous_21)","decl":{"start":{"line":22,"column":28},"end":{"line":22,"column":35}},"loc":{"start":{"line":22,"column":39},"end":{"line":22,"column":53}}}},"branchMap":{},"s":{"0":1,"1":1,"2":1,"3":1,"4":0,"5":1,"6":1,"7":1,"8":1,"9":1,"10":1,"11":0,"12":0,"13":1},"f":{"0":0,"1":0,"2":0},"b":{}}
}
