TN:
SF:src/articles/articles.entity.ts
FN:18,(anonymous_2)
FN:18,(anonymous_3)
FNF:2
FNH:0
FNDA:0,(anonymous_2)
FNDA:0,(anonymous_3)
DA:1,1
DA:2,1
DA:5,1
DA:7,1
DA:10,1
DA:13,1
DA:16,1
DA:18,0
DA:19,1
DA:22,1
LF:10
LH:9
BRF:0
BRH:0
end_of_record
TN:
SF:src/articles/articles.service.ts
FN:12,(anonymous_11)
FN:18,(anonymous_12)
FN:34,(anonymous_14)
FN:34,(anonymous_15)
FN:65,(anonymous_16)
FN:91,(anonymous_18)
FN:105,(anonymous_20)
FN:117,(anonymous_22)
FN:123,(anonymous_23)
FN:127,(anonymous_24)
FN:133,(anonymous_25)
FN:137,(anonymous_26)
FN:147,(anonymous_28)
FN:157,(anonymous_30)
FN:204,(anonymous_32)
FNF:15
FNH:9
FNDA:12,(anonymous_11)
FNDA:2,(anonymous_12)
FNDA:2,(anonymous_14)
FNDA:2,(anonymous_15)
FNDA:2,(anonymous_16)
FNDA:3,(anonymous_18)
FNDA:3,(anonymous_20)
FNDA:0,(anonymous_22)
FNDA:2,(anonymous_23)
FNDA:2,(anonymous_24)
FNDA:0,(anonymous_25)
FNDA:0,(anonymous_26)
FNDA:0,(anonymous_28)
FNDA:0,(anonymous_30)
FNDA:0,(anonymous_32)
DA:1,1
DA:2,1
DA:3,1
DA:4,1
DA:5,1
DA:6,1
DA:11,1
DA:14,12
DA:15,12
DA:19,2
DA:23,2
DA:24,1
DA:27,1
DA:31,1
DA:34,2
DA:35,2
DA:37,2
DA:38,2
DA:39,1
DA:42,1
DA:47,1
DA:48,0
DA:49,1
DA:50,0
DA:52,1
DA:53,1
DA:56,1
DA:57,1
DA:60,0
DA:62,1
DA:66,2
DA:68,2
DA:69,2
DA:70,1
DA:73,1
DA:78,1
DA:80,1
DA:81,1
DA:84,0
DA:88,1
DA:92,3
DA:93,3
DA:94,1
DA:95,2
DA:96,1
DA:98,1
DA:99,1
DA:101,1
DA:102,1
DA:106,3
DA:107,3
DA:108,1
DA:109,2
DA:110,1
DA:112,1
DA:113,1
DA:114,1
DA:118,0
DA:119,0
DA:120,0
DA:124,2
DA:128,2
DA:129,2
DA:130,2
DA:134,0
DA:138,0
DA:139,0
DA:140,0
DA:143,0
DA:148,0
DA:149,0
DA:150,0
DA:153,0
DA:158,0
DA:160,0
DA:161,0
DA:164,0
DA:169,0
DA:170,0
DA:174,0
DA:183,0
DA:184,0
DA:185,0
DA:187,0
DA:188,0
DA:189,0
DA:194,0
DA:197,0
DA:205,0
DA:207,0
DA:208,0
DA:211,0
DA:220,0
DA:221,0
DA:223,0
DA:224,0
DA:226,0
DA:227,0
DA:228,0
DA:229,0
DA:230,0
DA:236,0
DA:239,0
LF:103
LH:57
BRDA:23,0,0,1
BRDA:23,0,1,1
BRDA:34,1,0,0
BRDA:34,2,0,0
BRDA:38,3,0,1
BRDA:38,3,1,1
BRDA:47,4,0,0
BRDA:47,4,1,1
BRDA:47,5,0,1
BRDA:47,5,1,0
BRDA:47,6,0,1
BRDA:47,6,1,1
BRDA:49,7,0,0
BRDA:49,7,1,1
BRDA:49,8,0,1
BRDA:49,8,1,0
BRDA:49,9,0,1
BRDA:49,9,1,1
BRDA:69,10,0,1
BRDA:69,10,1,1
BRDA:78,11,0,1
BRDA:78,11,1,0
BRDA:93,12,0,1
BRDA:93,12,1,2
BRDA:95,13,0,1
BRDA:95,13,1,1
BRDA:107,14,0,1
BRDA:107,14,1,2
BRDA:109,15,0,1
BRDA:109,15,1,1
BRDA:118,16,0,0
BRDA:118,16,1,0
BRDA:118,17,0,0
BRDA:118,17,1,0
BRDA:118,18,0,0
BRDA:118,18,1,0
BRDA:119,19,0,0
BRDA:119,19,1,0
BRDA:119,20,0,0
BRDA:119,20,1,0
BRDA:119,21,0,0
BRDA:119,21,1,0
BRDA:128,22,0,2
BRDA:128,22,1,2
BRDA:128,23,0,2
BRDA:128,23,1,0
BRDA:128,24,0,2
BRDA:128,24,1,2
BRDA:129,25,0,2
BRDA:129,25,1,2
BRDA:129,26,0,2
BRDA:129,26,1,0
BRDA:129,27,0,2
BRDA:129,27,1,2
BRDA:169,28,0,0
BRDA:169,28,1,0
BRDA:227,29,0,0
BRDA:227,29,1,0
BRF:58
BRH:33
end_of_record
TN:
SF:src/redis/redis.service.ts
FN:8,(anonymous_9)
FN:16,(anonymous_11)
FN:20,(anonymous_12)
FN:25,(anonymous_13)
FN:29,(anonymous_15)
FN:36,(anonymous_17)
FN:40,(anonymous_19)
FN:44,(anonymous_21)
FN:48,(anonymous_23)
FNF:9
FNH:0
FNDA:0,(anonymous_9)
FNDA:0,(anonymous_11)
FNDA:0,(anonymous_12)
FNDA:0,(anonymous_13)
FNDA:0,(anonymous_15)
FNDA:0,(anonymous_17)
FNDA:0,(anonymous_19)
FNDA:0,(anonymous_21)
FNDA:0,(anonymous_23)
DA:1,1
DA:2,1
DA:5,1
DA:9,0
DA:16,0
DA:17,0
DA:20,0
DA:21,0
DA:26,0
DA:30,0
DA:31,0
DA:33,0
DA:37,0
DA:41,0
DA:45,0
DA:49,0
LF:16
LH:3
BRDA:30,0,0,0
BRDA:30,0,1,0
BRF:2
BRH:0
end_of_record
TN:
SF:src/users/user.entity.ts
FN:18,(anonymous_18)
FN:22,(anonymous_20)
FN:22,(anonymous_21)
FNF:3
FNH:0
FNDA:0,(anonymous_18)
FNDA:0,(anonymous_20)
FNDA:0,(anonymous_21)
DA:1,1
DA:3,1
DA:4,1
DA:7,1
DA:9,1
DA:12,1
DA:15,1
DA:18,1
DA:19,0
DA:22,0
DA:23,1
LF:11
LH:9
BRF:0
BRH:0
end_of_record
